<?xml version="1.0" encoding="UTF-8"?>
<!-- Generated by org.testng.reporters.JUnitXMLReporter -->
<testsuite hostname="newt-1765" name="Test" tests="3" failures="1" timestamp="2 Jun 2016 05:22:38 GMT" time="459.153" errors="0">
  <testcase name="selectSuitableDevices" time="86.541" classname="test.StockExchangeTest"/>
  <testcase name="selectSuitableDevices" time="119.963" classname="test.StockExchangeTest">
    <failure type="java.lang.Exception" message="Error occured on waiting for the element to appear  - org.openqa.selenium.TimeoutException: Timed out after 40 seconds waiting for visibility of element located by By.xpath: //div[contains(text(),&amp;apos;EPS&amp;apos;)]/../../td[@class=&amp;apos;value&amp;apos;]/div
Build info: version: &amp;apos;2.48.2&amp;apos;, revision: &amp;apos;41bccdd10cf2c0560f637404c2d96164b67d9d67&amp;apos;, time: &amp;apos;2015-10-09 13:08:06&amp;apos;
System info: host: &amp;apos;newt-1765&amp;apos;, ip: &amp;apos;169.254.7.160&amp;apos;, os.name: &amp;apos;Windows 7&amp;apos;, os.arch: &amp;apos;amd64&amp;apos;, os.version: &amp;apos;6.1&amp;apos;, java.version: &amp;apos;1.8.0_73&amp;apos;
Driver info: io.appium.java_client.ios.IOSDriver
Capabilities [{windTunnelPersona=Georgia, rotatable=true, eclipseExecutionId=demo@newtglobal.com_Eclipse_16-06-02_05_14_32_38693, entityType=remote_web_driver, serverConnector=, deviceName=A7302271E86090808BEB998BA2639AB18C5773A4, platform=ANY, executionId=demo@newtglobal.com_RemoteWebDriver_16-06-02_05_17_38_38702, password=, webdriver.remote.sessionid=b2cb9a83-e51b-4d6d-85d6-471cdb0c8044, platformVersion=9.3, automationName=appium, host=partners.perfectomobile.com, singleTestReportUrl=https://partners.perfectomobile.com/nexperience/singletest/report/?reportRepositoryKey=PRIVATE:RemoteWebDriver/RemoteWebDriver_16-06-02_05_17_38_38702.xml&amp;amp;ownerId=demo@newtglobal.com&amp;amp;sharingCode=c35a7136-e753-4ffd-b7b0-1bbbe3f40eac, locationContextEnabled=true, scriptName=RemoteWebDriver, takesScreenshot=true, model=iPhone-6 Plus, javascriptEnabled=true, reportKey=PRIVATE:RemoteWebDriver/RemoteWebDriver_16-06-02_05_17_38_38702.xml, platformName=iOS, windTunnelReportUrl=https://partners.perfectomobile.com/nexperience/singletest/report/?reportRepositoryKey=PRIVATE:RemoteWebDriver/RemoteWebDriver_16-06-02_05_17_38_38702.xml&amp;amp;ownerId=demo@newtglobal.com&amp;amp;sharingCode=c35a7136-e753-4ffd-b7b0-1bbbe3f40eac, user=, cssSelectorsEnabled=true}]
Session ID: b2cb9a83-e51b-4d6d-85d6-471cdb0c8044">
      <![CDATA[java.lang.Exception: Error occured on waiting for the element to appear  - org.openqa.selenium.TimeoutException: Timed out after 40 seconds waiting for visibility of element located by By.xpath: //div[contains(text(),'EPS')]/../../td[@class='value']/div
Build info: version: '2.48.2', revision: '41bccdd10cf2c0560f637404c2d96164b67d9d67', time: '2015-10-09 13:08:06'
System info: host: 'newt-1765', ip: '169.254.7.160', os.name: 'Windows 7', os.arch: 'amd64', os.version: '6.1', java.version: '1.8.0_73'
Driver info: io.appium.java_client.ios.IOSDriver
Capabilities [{windTunnelPersona=Georgia, rotatable=true, eclipseExecutionId=demo@newtglobal.com_Eclipse_16-06-02_05_14_32_38693, entityType=remote_web_driver, serverConnector=, deviceName=A7302271E86090808BEB998BA2639AB18C5773A4, platform=ANY, executionId=demo@newtglobal.com_RemoteWebDriver_16-06-02_05_17_38_38702, password=, webdriver.remote.sessionid=b2cb9a83-e51b-4d6d-85d6-471cdb0c8044, platformVersion=9.3, automationName=appium, host=partners.perfectomobile.com, singleTestReportUrl=https://partners.perfectomobile.com/nexperience/singletest/report/?reportRepositoryKey=PRIVATE:RemoteWebDriver/RemoteWebDriver_16-06-02_05_17_38_38702.xml&ownerId=demo@newtglobal.com&sharingCode=c35a7136-e753-4ffd-b7b0-1bbbe3f40eac, locationContextEnabled=true, scriptName=RemoteWebDriver, takesScreenshot=true, model=iPhone-6 Plus, javascriptEnabled=true, reportKey=PRIVATE:RemoteWebDriver/RemoteWebDriver_16-06-02_05_17_38_38702.xml, platformName=iOS, windTunnelReportUrl=https://partners.perfectomobile.com/nexperience/singletest/report/?reportRepositoryKey=PRIVATE:RemoteWebDriver/RemoteWebDriver_16-06-02_05_17_38_38702.xml&ownerId=demo@newtglobal.com&sharingCode=c35a7136-e753-4ffd-b7b0-1bbbe3f40eac, user=, cssSelectorsEnabled=true}]
Session ID: b2cb9a83-e51b-4d6d-85d6-471cdb0c8044
	at utils.Utilities.waitForElement(Utilities.java:78)
	at pageObjects.StockInfoDisplayPageObject.getEPSStockPrice(StockInfoDisplayPageObject.java:96)
	at test.StockExchangeTest.selectSuitableDevices(StockExchangeTest.java:83)
... Removed 25 stack frames]]>
    </failure>
  </testcase> <!-- selectSuitableDevices -->
  <testcase name="selectSuitableDevices" time="74.884" classname="test.StockExchangeTest"/>
</testsuite> <!-- Test -->
