<?xml version="1.0" encoding="UTF-8"?>
<!-- Generated by org.testng.reporters.JUnitXMLReporter -->
<testsuite hostname="NEWT526" ignored="0" name="Test" tests="2" failures="0" timestamp="29 Nov 2017 15:04:33 GMT" time="22.78" errors="0">
  <testcase name="@BeforeMethod beforeMethod" time="22.738" classname="TC_Driver.stockApp_Flow">
    <failure type="java.lang.NullPointerException">
      <![CDATA[java.lang.NullPointerException
	at TC_Driver.stockApp_Flow.beforeMethod(stockApp_Flow.java:44)
... Removed 27 stack frames]]>
    </failure>
  </testcase> <!-- @BeforeMethod beforeMethod -->
  <testcase name="@AfterMethod afterTest" time="0.0" classname="TC_Driver.stockApp_Flow">
    <skipped/>
  </testcase> <!-- @AfterMethod afterTest -->
  <testcase name="@BeforeMethod beforeMethod" time="0.0" classname="TC_Driver.stockApp_Flow">
    <skipped/>
  </testcase> <!-- @BeforeMethod beforeMethod -->
  <testcase name="@AfterMethod afterTest" time="0.0" classname="TC_Driver.stockApp_Flow">
    <skipped/>
  </testcase> <!-- @AfterMethod afterTest -->
  <testcase name="RetriveStockPrice" time="0.0" classname="TC_Driver.stockApp_Flow">
    <skipped/>
  </testcase> <!-- RetriveStockPrice -->
  <testcase name="RetriveStockPrice" time="0.0" classname="TC_Driver.stockApp_Flow">
    <skipped/>
  </testcase> <!-- RetriveStockPrice -->
</testsuite> <!-- Test -->
