<?xml version="1.0" encoding="UTF-8"?>
<!-- Generated by org.testng.reporters.JUnitXMLReporter -->
<testsuite hostname="newt-1765" name="Test" tests="3" failures="0" timestamp="10 May 2016 17:31:54 GMT" time="978.8" errors="0">
  <testcase name="selectSuitableDevices" time="107.486" classname="test.ElectronicsComparisonTest"/>
  <testcase name="selectSuitableDevices" time="108.614" classname="test.ElectronicsComparisonTest"/>
  <testcase name="selectSuitableDevices" time="123.304" classname="test.ElectronicsComparisonTest"/>
</testsuite> <!-- Test -->
